QuestaSim-64 vlog 2021.3 Compiler 2021.07 Jul 13 2021
Start time: 02:55:34 on Aug 23,2023
vlog -writetoplevels questa.tops -timescale 1ns/1ns design.sv testbench.sv 
-- Compiling package testbench_sv_unit
** Warning: testbench.sv(18): (vlog-2240) Treating stand-alone use of function 'pop_front' as an implicit VOID cast.
-- Compiling module top

Top level modules:
	top
End time: 02:55:34 on Aug 23,2023, Elapsed time: 0:00:00
Errors: 0, Warnings: 1
# vsim top -batch -do "vsim -voptargs=+acc=npr; run -all; exit" -voptargs="+acc=npr" 
# Start time: 02:55:34 on Aug 23,2023
# ** Note: (vsim-3812) Design is being optimized...
# ** Warning: testbench.sv(18): (vopt-2240) Treating stand-alone use of function 'pop_front' as an implicit VOID cast.
# ** Note: (vsim-12126) Error and warning message counts have been restored: Errors=0, Warnings=1.
# //  Questa Sim-64
# //  Version 2021.3 linux_x86_64 Jul 13 2021
# //
# //  Copyright 1991-2021 Mentor Graphics Corporation
# //  All Rights Reserved.
# //
# //  QuestaSim and its associated documentation contain trade
# //  secrets and commercial or financial information that are the property of
# //  Mentor Graphics Corporation and are privileged, confidential,
# //  and exempt from disclosure under the Freedom of Information Act,
# //  5 U.S.C. Section 552. Furthermore, this information
# //  is prohibited from disclosure under the Trade Secrets Act,
# //  18 U.S.C. Section 1905.
# //
# ** Warning: License feature 'msimhdlsim' will expire in 8 days.
# Loading sv_std.std
# Loading work.testbench_sv_unit(fast)
# Loading work.top(fast)
# 
# vsim -voptargs=+acc=npr
# run -all
# write enabled and the data is: data_in=9 count 0
# write enabled and the data is: data_in=37 count 1
# write enabled and the data is: data_in=49 count 2
# write enabled and the data is: data_in=17 count 3
# write enabled and the data is: data_in=46 count 4
# write enabled and the data is: data_in=1 count 5
# write enabled and the data is: data_in=40 count 6
# write enabled and the data is: data_in=1 count 7
# write enabled and the data is: data_in=17 count 8
# write enabled and the data is: data_in=22 count 9
# write enabled and the data is: data_in=45 count 10
# write enabled and the data is: data_in=23 count 11
# write enabled and the data is: data_in=21 count 12
# write enabled and the data is: data_in=18 count 13
# write enabled and the data is: data_in=33 count 14
# write enabled and the data is: data_in=23 count 15
# data without crc :9 37 49 17 46 1 40 1 17 22 45 23 21 18 33 23
# data with crc 9 32805 32817 17 46 32769 40 32769 17 32790 45 23 32789 18 33 23
# Peeked data with crc: 9 count 15
# Peeked data with crc: 32805 count 14
# Peeked data with crc: 32817 count 13
# Peeked data with crc: 17 count 12
# Peeked data with crc: 46 count 11
# write enabled and the data is: data_in=9 count 11
# write enabled and the data is: data_in=41 count 12
# write enabled and the data is: data_in=44 count 13
# write enabled and the data is: data_in=16 count 14
# write enabled and the data is: data_in=38 count 15
# data without crc :1 40 1 17 22 45 23 21 18 33 23 9 41 44 16 38
# data with crc 32769 40 32769 17 32790 45 23 32789 18 33 23 9 32809 32812 32784 32806
# exit
# End time: 02:55:35 on Aug 23,2023, Elapsed time: 0:00:01
# Errors: 0, Warnings: 1
Done
